This is pdfTeX, Version 3.141592653-2.6-1.40.27 (TeX Live 2025) (preloaded format=pdflatex 2025.3.8)  16 FEB 2026 17:45
entering extended mode
 restricted \write18 enabled.
 %&-line parsing enabled.
**01-isru-economic-crossover-x.tex
(./01-isru-economic-crossover-x.tex
LaTeX2e <2024-11-01> patch level 2
L3 programming layer <2025-01-18>
(/usr/local/texlive/2025/texmf-dist/tex/latex/elsarticle/elsarticle.cls
Document Class: elsarticle 2025/01/11, 3.4c: Elsevier Ltd
(/usr/local/texlive/2025/texmf-dist/tex/latex/base/fontenc.sty
Package: fontenc 2021/04/29 v2.0v Standard LaTeX package
)
(/usr/local/texlive/2025/texmf-dist/tex/latex/l3kernel/expl3.sty
Package: expl3 2025-01-18 L3 programming layer (loader) 

(/usr/local/texlive/2025/texmf-dist/tex/latex/l3backend/l3backend-pdftex.def
File: l3backend-pdftex.def 2024-05-08 L3 backend support: PDF output (pdfTeX)
\l__color_backend_stack_int=\count196
\l__pdf_internal_box=\box52
))
(/usr/local/texlive/2025/texmf-dist/tex/latex/l3packages/xparse/xparse.sty
Package: xparse 2024-08-16 L3 Experimental document command parser
)
(/usr/local/texlive/2025/texmf-dist/tex/latex/etoolbox/etoolbox.sty
Package: etoolbox 2025/02/11 v2.5l e-TeX tools for LaTeX (JAW)
\etb@tempcnta=\count197
)
\@bls=\dimen141

(/usr/local/texlive/2025/texmf-dist/tex/latex/base/article.cls
Document Class: article 2024/06/29 v1.4n Standard LaTeX document class
(/usr/local/texlive/2025/texmf-dist/tex/latex/base/size12.clo
File: size12.clo 2024/06/29 v1.4n Standard LaTeX file (size option)
)
\c@part=\count198
\c@section=\count199
\c@subsection=\count266
\c@subsubsection=\count267
\c@paragraph=\count268
\c@subparagraph=\count269
\c@figure=\count270
\c@table=\count271
\abovecaptionskip=\skip49
\belowcaptionskip=\skip50
\bibindent=\dimen142
)
(/usr/local/texlive/2025/texmf-dist/tex/latex/graphics/graphicx.sty
Package: graphicx 2021/09/16 v1.2d Enhanced LaTeX Graphics (DPC,SPQR)

(/usr/local/texlive/2025/texmf-dist/tex/latex/graphics/keyval.sty
Package: keyval 2022/05/29 v1.15 key=value parser (DPC)
\KV@toks@=\toks17
)
(/usr/local/texlive/2025/texmf-dist/tex/latex/graphics/graphics.sty
Package: graphics 2024/08/06 v1.4g Standard LaTeX Graphics (DPC,SPQR)

(/usr/local/texlive/2025/texmf-dist/tex/latex/graphics/trig.sty
Package: trig 2023/12/02 v1.11 sin cos tan (DPC)
)
(/usr/local/texlive/2025/texmf-dist/tex/latex/graphics-cfg/graphics.cfg
File: graphics.cfg 2016/06/04 v1.11 sample graphics configuration
)
Package graphics Info: Driver file: pdftex.def on input line 106.

(/usr/local/texlive/2025/texmf-dist/tex/latex/graphics-def/pdftex.def
File: pdftex.def 2024/04/13 v1.2c Graphics/color driver for pdftex
))
\Gin@req@height=\dimen143
\Gin@req@width=\dimen144
)
\c@tnote=\count272
\c@fnote=\count273
\c@cnote=\count274
\c@ead=\count275
\c@elsarticle@author=\count276
\@eadauthor=\toks18
\c@affn=\count277
\absbox=\box53
\elsarticlehighlightsbox=\box54
\elsarticlegrabsbox=\box55
\keybox=\box56
\Columnwidth=\dimen145
\space@left=\dimen146
\els@boxa=\box57
\els@boxb=\box58
\leftMargin=\dimen147
\@enLab=\toks19
\@sep=\skip51
\@@sep=\skip52

(./01-isru-economic-crossover-x.spl)
(/usr/local/texlive/2025/texmf-dist/tex/latex/natbib/natbib.sty
Package: natbib 2010/09/13 8.31b (PWD, AO)
\bibhang=\skip53
\bibsep=\skip54
LaTeX Info: Redefining \cite on input line 694.
\c@NAT@ctr=\count278
)
\splwrite=\write3
\openout3 = `01-isru-economic-crossover-x.spl'.

\appnamewidth=\dimen148
)
(/usr/local/texlive/2025/texmf-dist/tex/latex/amsmath/amsmath.sty
Package: amsmath 2024/11/05 v2.17t AMS math features
\@mathmargin=\skip55

For additional information on amsmath, use the `?' option.
(/usr/local/texlive/2025/texmf-dist/tex/latex/amsmath/amstext.sty
Package: amstext 2021/08/26 v2.01 AMS text

(/usr/local/texlive/2025/texmf-dist/tex/latex/amsmath/amsgen.sty
File: amsgen.sty 1999/11/30 v2.0 generic functions
\@emptytoks=\toks20
\ex@=\dimen149
))
(/usr/local/texlive/2025/texmf-dist/tex/latex/amsmath/amsbsy.sty
Package: amsbsy 1999/11/29 v1.2d Bold Symbols
\pmbraise@=\dimen150
)
(/usr/local/texlive/2025/texmf-dist/tex/latex/amsmath/amsopn.sty
Package: amsopn 2022/04/08 v2.04 operator names
)
\inf@bad=\count279
LaTeX Info: Redefining \frac on input line 233.
\uproot@=\count280
\leftroot@=\count281
LaTeX Info: Redefining \overline on input line 398.
LaTeX Info: Redefining \colon on input line 409.
\classnum@=\count282
\DOTSCASE@=\count283
LaTeX Info: Redefining \ldots on input line 495.
LaTeX Info: Redefining \dots on input line 498.
LaTeX Info: Redefining \cdots on input line 619.
\Mathstrutbox@=\box59
\strutbox@=\box60
LaTeX Info: Redefining \big on input line 721.
LaTeX Info: Redefining \Big on input line 722.
LaTeX Info: Redefining \bigg on input line 723.
LaTeX Info: Redefining \Bigg on input line 724.
\big@size=\dimen151
LaTeX Font Info:    Redeclaring font encoding OML on input line 742.
LaTeX Font Info:    Redeclaring font encoding OMS on input line 743.
\macc@depth=\count284
LaTeX Info: Redefining \bmod on input line 904.
LaTeX Info: Redefining \pmod on input line 909.
LaTeX Info: Redefining \smash on input line 939.
LaTeX Info: Redefining \relbar on input line 969.
LaTeX Info: Redefining \Relbar on input line 970.
\c@MaxMatrixCols=\count285
\dotsspace@=\muskip17
\c@parentequation=\count286
\dspbrk@lvl=\count287
\tag@help=\toks21
\row@=\count288
\column@=\count289
\maxfields@=\count290
\andhelp@=\toks22
\eqnshift@=\dimen152
\alignsep@=\dimen153
\tagshift@=\dimen154
\tagwidth@=\dimen155
\totwidth@=\dimen156
\lineht@=\dimen157
\@envbody=\toks23
\multlinegap=\skip56
\multlinetaggap=\skip57
\mathdisplay@stack=\toks24
LaTeX Info: Redefining \[ on input line 2953.
LaTeX Info: Redefining \] on input line 2954.
)
(/usr/local/texlive/2025/texmf-dist/tex/latex/amsfonts/amssymb.sty
Package: amssymb 2013/01/14 v3.01 AMS font symbols

(/usr/local/texlive/2025/texmf-dist/tex/latex/amsfonts/amsfonts.sty
Package: amsfonts 2013/01/14 v3.01 Basic AMSFonts support
\symAMSa=\mathgroup4
\symAMSb=\mathgroup5
LaTeX Font Info:    Redeclaring math symbol \hbar on input line 98.
LaTeX Font Info:    Overwriting math alphabet `\mathfrak' in version `bold'
(Font)                  U/euf/m/n --> U/euf/b/n on input line 106.
))
(/usr/local/texlive/2025/texmf-dist/tex/latex/booktabs/booktabs.sty
Package: booktabs 2020/01/12 v1.61803398 Publication quality tables
\heavyrulewidth=\dimen158
\lightrulewidth=\dimen159
\cmidrulewidth=\dimen160
\belowrulesep=\dimen161
\belowbottomsep=\dimen162
\aboverulesep=\dimen163
\abovetopsep=\dimen164
\cmidrulesep=\dimen165
\cmidrulekern=\dimen166
\defaultaddspace=\dimen167
\@cmidla=\count291
\@cmidlb=\count292
\@aboverulesep=\dimen168
\@belowrulesep=\dimen169
\@thisruleclass=\count293
\@lastruleclass=\count294
\@thisrulewidth=\dimen170
)
(/usr/local/texlive/2025/texmf-dist/tex/latex/hyperref/hyperref.sty
Package: hyperref 2024-11-05 v7.01l Hypertext links for LaTeX

(/usr/local/texlive/2025/texmf-dist/tex/generic/iftex/iftex.sty
Package: iftex 2024/12/12 v1.0g TeX engine tests
)
(/usr/local/texlive/2025/texmf-dist/tex/latex/kvsetkeys/kvsetkeys.sty
Package: kvsetkeys 2022-10-05 v1.19 Key value parser (HO)
)
(/usr/local/texlive/2025/texmf-dist/tex/generic/kvdefinekeys/kvdefinekeys.sty
Package: kvdefinekeys 2019-12-19 v1.6 Define keys (HO)
)
(/usr/local/texlive/2025/texmf-dist/tex/generic/pdfescape/pdfescape.sty
Package: pdfescape 2019/12/09 v1.15 Implements pdfTeX's escape features (HO)

(/usr/local/texlive/2025/texmf-dist/tex/generic/ltxcmds/ltxcmds.sty
Package: ltxcmds 2023-12-04 v1.26 LaTeX kernel commands for general use (HO)
)
(/usr/local/texlive/2025/texmf-dist/tex/generic/pdftexcmds/pdftexcmds.sty
Package: pdftexcmds 2020-06-27 v0.33 Utility functions of pdfTeX for LuaTeX (HO
)

(/usr/local/texlive/2025/texmf-dist/tex/generic/infwarerr/infwarerr.sty
Package: infwarerr 2019/12/03 v1.5 Providing info/warning/error messages (HO)
)
Package pdftexcmds Info: \pdf@primitive is available.
Package pdftexcmds Info: \pdf@ifprimitive is available.
Package pdftexcmds Info: \pdfdraftmode found.
))
(/usr/local/texlive/2025/texmf-dist/tex/latex/hycolor/hycolor.sty
Package: hycolor 2020-01-27 v1.10 Color options for hyperref/bookmark (HO)
)
(/usr/local/texlive/2025/texmf-dist/tex/latex/hyperref/nameref.sty
Package: nameref 2023-11-26 v2.56 Cross-referencing by name of section

(/usr/local/texlive/2025/texmf-dist/tex/latex/refcount/refcount.sty
Package: refcount 2019/12/15 v3.6 Data extraction from label references (HO)
)
(/usr/local/texlive/2025/texmf-dist/tex/generic/gettitlestring/gettitlestring.s
ty
Package: gettitlestring 2019/12/15 v1.6 Cleanup title references (HO)
 (/usr/local/texlive/2025/texmf-dist/tex/latex/kvoptions/kvoptions.sty
Package: kvoptions 2022-06-15 v3.15 Key value format for package options (HO)
))
\c@section@level=\count295
)
(/usr/local/texlive/2025/texmf-dist/tex/generic/stringenc/stringenc.sty
Package: stringenc 2019/11/29 v1.12 Convert strings between diff. encodings (HO
)
)
\@linkdim=\dimen171
\Hy@linkcounter=\count296
\Hy@pagecounter=\count297

(/usr/local/texlive/2025/texmf-dist/tex/latex/hyperref/pd1enc.def
File: pd1enc.def 2024-11-05 v7.01l Hyperref: PDFDocEncoding definition (HO)
Now handling font encoding PD1 ...
... no UTF-8 mapping file for font encoding PD1
)
(/usr/local/texlive/2025/texmf-dist/tex/generic/intcalc/intcalc.sty
Package: intcalc 2019/12/15 v1.3 Expandable calculations with integers (HO)
)
\Hy@SavedSpaceFactor=\count298

(/usr/local/texlive/2025/texmf-dist/tex/latex/hyperref/puenc.def
File: puenc.def 2024-11-05 v7.01l Hyperref: PDF Unicode definition (HO)
Now handling font encoding PU ...
... no UTF-8 mapping file for font encoding PU
)
Package hyperref Info: Hyper figures OFF on input line 4157.
Package hyperref Info: Link nesting OFF on input line 4162.
Package hyperref Info: Hyper index ON on input line 4165.
Package hyperref Info: Plain pages OFF on input line 4172.
Package hyperref Info: Backreferencing OFF on input line 4177.
Package hyperref Info: Implicit mode ON; LaTeX internals redefined.
Package hyperref Info: Bookmarks ON on input line 4424.
\c@Hy@tempcnt=\count299

(/usr/local/texlive/2025/texmf-dist/tex/latex/url/url.sty
\Urlmuskip=\muskip18
Package: url 2013/09/16  ver 3.4  Verb mode for urls, etc.
)
LaTeX Info: Redefining \url on input line 4763.
\XeTeXLinkMargin=\dimen172

(/usr/local/texlive/2025/texmf-dist/tex/generic/bitset/bitset.sty
Package: bitset 2019/12/09 v1.3 Handle bit-vector datatype (HO)

(/usr/local/texlive/2025/texmf-dist/tex/generic/bigintcalc/bigintcalc.sty
Package: bigintcalc 2019/12/15 v1.5 Expandable calculations on big integers (HO
)
))
\Fld@menulength=\count300
\Field@Width=\dimen173
\Fld@charsize=\dimen174
Package hyperref Info: Hyper figures OFF on input line 6042.
Package hyperref Info: Link nesting OFF on input line 6047.
Package hyperref Info: Hyper index ON on input line 6050.
Package hyperref Info: backreferencing OFF on input line 6057.
Package hyperref Info: Link coloring OFF on input line 6062.
Package hyperref Info: Link coloring with OCG OFF on input line 6067.
Package hyperref Info: PDF/A mode OFF on input line 6072.

(/usr/local/texlive/2025/texmf-dist/tex/latex/base/atbegshi-ltx.sty
Package: atbegshi-ltx 2021/01/10 v1.0c Emulation of the original atbegshi
package with kernel methods
)
\Hy@abspage=\count301
\c@Item=\count302
\c@Hfootnote=\count303
)
Package hyperref Info: Driver (autodetected): hpdftex.

(/usr/local/texlive/2025/texmf-dist/tex/latex/hyperref/hpdftex.def
File: hpdftex.def 2024-11-05 v7.01l Hyperref driver for pdfTeX

(/usr/local/texlive/2025/texmf-dist/tex/latex/base/atveryend-ltx.sty
Package: atveryend-ltx 2020/08/19 v1.0a Emulation of the original atveryend pac
kage
with kernel methods
)
\Fld@listcount=\count304
\c@bookmark@seq@number=\count305

(/usr/local/texlive/2025/texmf-dist/tex/latex/rerunfilecheck/rerunfilecheck.sty
Package: rerunfilecheck 2022-07-10 v1.10 Rerun checks for auxiliary files (HO)

(/usr/local/texlive/2025/texmf-dist/tex/generic/uniquecounter/uniquecounter.sty
Package: uniquecounter 2019/12/15 v1.4 Provide unlimited unique counter (HO)
)
Package uniquecounter Info: New unique counter `rerunfilecheck' on input line 2
85.
)
\Hy@SectionHShift=\skip58
) (/usr/local/texlive/2025/texmf-dist/tex/latex/xcolor/xcolor.sty
Package: xcolor 2024/09/29 v3.02 LaTeX color extensions (UK)

(/usr/local/texlive/2025/texmf-dist/tex/latex/graphics-cfg/color.cfg
File: color.cfg 2016/01/02 v1.6 sample color configuration
)
Package xcolor Info: Driver file: pdftex.def on input line 274.

(/usr/local/texlive/2025/texmf-dist/tex/latex/graphics/mathcolor.ltx)
Package xcolor Info: Model `cmy' substituted by `cmy0' on input line 1349.
Package xcolor Info: Model `hsb' substituted by `rgb' on input line 1353.
Package xcolor Info: Model `RGB' extended on input line 1365.
Package xcolor Info: Model `HTML' substituted by `rgb' on input line 1367.
Package xcolor Info: Model `Hsb' substituted by `hsb' on input line 1368.
Package xcolor Info: Model `tHsb' substituted by `hsb' on input line 1369.
Package xcolor Info: Model `HSB' substituted by `hsb' on input line 1370.
Package xcolor Info: Model `Gray' substituted by `gray' on input line 1371.
Package xcolor Info: Model `wave' substituted by `hsb' on input line 1372.
)
(/usr/local/texlive/2025/texmf-dist/tex/latex/lineno/lineno.sty
Package: lineno 2025/01/29 line numbers on paragraphs v5.4
\linenopenalty=\count306
\output=\toks25
\linenoprevgraf=\count307
\linenumbersep=\dimen175
\linenumberwidth=\dimen176
\c@linenumber=\count308
\c@pagewiselinenumber=\count309
\c@LN@truepage=\count310
\c@internallinenumber=\count311
\c@internallinenumbers=\count312
\quotelinenumbersep=\dimen177
\bframerule=\dimen178
\bframesep=\dimen179
\bframebox=\box61
\@LN@amsmath@ams@eqpen=\count313
LaTeX Info: Redefining \\ on input line 3187.
)
(/usr/local/texlive/2025/texmf-dist/tex/latex/multirow/multirow.sty
Package: multirow 2024/11/12 v2.9 Span multiple rows of a table
\multirow@colwidth=\skip59
\multirow@cntb=\count314
\multirow@dima=\skip60
\bigstrutjot=\dimen180
)
(/usr/local/texlive/2025/texmf-dist/tex/latex/siunitx/siunitx.sty
Package: siunitx 2025-02-27 v3.4.6 A comprehensive (SI) units package
\l__siunitx_number_uncert_offset_int=\count315
\l__siunitx_number_exponent_fixed_int=\count316
\l__siunitx_number_min_decimal_int=\count317
\l__siunitx_number_min_integer_int=\count318
\l__siunitx_number_round_precision_int=\count319
\l__siunitx_number_lower_threshold_int=\count320
\l__siunitx_number_upper_threshold_int=\count321
\l__siunitx_number_group_first_int=\count322
\l__siunitx_number_group_size_int=\count323
\l__siunitx_number_group_minimum_int=\count324
\l__siunitx_angle_tmp_dim=\dimen181
\l__siunitx_angle_marker_box=\box62
\l__siunitx_angle_unit_box=\box63
\l__siunitx_compound_count_int=\count325

(/usr/local/texlive/2025/texmf-dist/tex/latex/translations/translations.sty
Package: translations 2022/02/05 v1.12 internationalization of LaTeX2e packages
 (CN)
)
\l__siunitx_table_tmp_box=\box64
\l__siunitx_table_tmp_dim=\dimen182
\l__siunitx_table_column_width_dim=\dimen183
\l__siunitx_table_integer_box=\box65
\l__siunitx_table_decimal_box=\box66
\l__siunitx_table_uncert_box=\box67
\l__siunitx_table_before_box=\box68
\l__siunitx_table_after_box=\box69
\l__siunitx_table_before_dim=\dimen184
\l__siunitx_table_carry_dim=\dimen185
\l__siunitx_unit_tmp_int=\count326
\l__siunitx_unit_position_int=\count327
\l__siunitx_unit_total_int=\count328

(/usr/local/texlive/2025/texmf-dist/tex/latex/tools/array.sty
Package: array 2024/10/17 v2.6g Tabular extension package (FMi)
\col@sep=\dimen186
\ar@mcellbox=\box70
\extrarowheight=\dimen187
\NC@list=\toks26
\extratabsurround=\skip61
\backup@length=\skip62
\ar@cellbox=\box71
))
Package translations Info: No language package found. I am going to use `englis
h' as default language. on input line 22.

(./01-isru-economic-crossover-x.aux)
\openout1 = `01-isru-economic-crossover-x.aux'.

LaTeX Font Info:    Checking defaults for OML/cmm/m/it on input line 22.
LaTeX Font Info:    ... okay on input line 22.
LaTeX Font Info:    Checking defaults for OMS/cmsy/m/n on input line 22.
LaTeX Font Info:    ... okay on input line 22.
LaTeX Font Info:    Checking defaults for OT1/cmr/m/n on input line 22.
LaTeX Font Info:    ... okay on input line 22.
LaTeX Font Info:    Checking defaults for T1/cmr/m/n on input line 22.
LaTeX Font Info:    ... okay on input line 22.
LaTeX Font Info:    Checking defaults for TS1/cmr/m/n on input line 22.
LaTeX Font Info:    ... okay on input line 22.
LaTeX Font Info:    Checking defaults for OMX/cmex/m/n on input line 22.
LaTeX Font Info:    ... okay on input line 22.
LaTeX Font Info:    Checking defaults for U/cmr/m/n on input line 22.
LaTeX Font Info:    ... okay on input line 22.
LaTeX Font Info:    Checking defaults for PD1/pdf/m/n on input line 22.
LaTeX Font Info:    ... okay on input line 22.
LaTeX Font Info:    Checking defaults for PU/pdf/m/n on input line 22.
LaTeX Font Info:    ... okay on input line 22.

(/usr/local/texlive/2025/texmf-dist/tex/context/base/mkii/supp-pdf.mkii
[Loading MPS to PDF converter (version 2006.09.02).]
\scratchcounter=\count329
\scratchdimen=\dimen188
\scratchbox=\box72
\nofMPsegments=\count330
\nofMParguments=\count331
\everyMPshowfont=\toks27
\MPscratchCnt=\count332
\MPscratchDim=\dimen189
\MPnumerator=\count333
\makeMPintoPDFobject=\count334
\everyMPtoPDFconversion=\toks28
) (/usr/local/texlive/2025/texmf-dist/tex/latex/epstopdf-pkg/epstopdf-base.sty
Package: epstopdf-base 2020-01-24 v2.11 Base part for package epstopdf
Package epstopdf-base Info: Redefining graphics rule for `.eps' on input line 4
85.

(/usr/local/texlive/2025/texmf-dist/tex/latex/latexconfig/epstopdf-sys.cfg
File: epstopdf-sys.cfg 2010/07/13 v1.3 Configuration of (r)epstopdf for TeX Liv
e
))
Package hyperref Info: Link coloring OFF on input line 22.

(./01-isru-economic-crossover-x.out) (./01-isru-economic-crossover-x.out)
\@outlinefile=\write4
\openout4 = `01-isru-economic-crossover-x.out'.


(/usr/local/texlive/2025/texmf-dist/tex/latex/translations/translations-basic-d
ictionary-english.trsl
File: translations-basic-dictionary-english.trsl (english translation file `tra
nslations-basic-dictionary')
)
Package translations Info: loading dictionary `translations-basic-dictionary' f
or `english'. on input line 22.
LaTeX Font Info:    Trying to load font information for U+msa on input line 36.


(/usr/local/texlive/2025/texmf-dist/tex/latex/amsfonts/umsa.fd
File: umsa.fd 2013/01/14 v3.01 AMS symbols A
)
LaTeX Font Info:    Trying to load font information for U+msb on input line 36.


(/usr/local/texlive/2025/texmf-dist/tex/latex/amsfonts/umsb.fd
File: umsb.fd 2013/01/14 v3.01 AMS symbols B
)


Package hyperref Warning: Token not allowed in a PDF string (Unicode):
(hyperref)                removing `\<def>-command' on input line 43.


Package hyperref Warning: Token not allowed in a PDF string (Unicode):
(hyperref)                removing `\cnotenum' on input line 43.


Package hyperref Warning: Token not allowed in a PDF string (Unicode):
(hyperref)                removing `\<def>-command' on input line 43.


Package hyperref Warning: Token not allowed in a PDF string (Unicode):
(hyperref)                removing `\@corref' on input line 43.

[1


{/usr/local/texlive/2025/texmf-var/fonts/map/pdftex/updmap/pdftex.map}{/usr/loc
al/texlive/2025/texmf-dist/fonts/enc/dvips/cm-super/cm-super-t1.enc}]
Overfull \hbox (41.31537pt too wide) in paragraph at lines 52--53
\T1/cmr/m/n/12 so-lar power satel-lites, or-bital habi-tats, or dis-tributed en
-ergy col-lec-tion architectures---
 []



[2]

[3]

[4]
Overfull \hbox (0.26567pt too wide) in paragraph at lines 71--72
\T1/cmr/m/n/12 func-tion of cu-mu-la-tive production---is well es-tab-lished in
 aerospace eco-nomics
 []



[5]

[6]

[7]

[8]

[9]

[10]
Overfull \hbox (17.84737pt too wide) in paragraph at lines 213--214
[]\T1/cmr/m/n/12 The undis-counted crossover $\OML/cmm/m/it/12 N[]$ \T1/cmr/m/n
/12 is the small-est $\OML/cmm/m/it/12 N$ \T1/cmr/m/n/12 with $\OT1/cmr/m/n/12 
^^F[](\OML/cmm/m/it/12 N\OT1/cmr/m/n/12 ) \OMS/cmsy/m/n/12 ^^T \OT1/cmr/m/n/12 
^^F[](\OML/cmm/m/it/12 N\OT1/cmr/m/n/12 )$\T1/cmr/m/n/12 .
 []


Overfull \hbox (14.56146pt too wide) in paragraph at lines 223--224
\T1/cmr/m/n/12 bound) is re-ported as a sen-si-tiv-ity vari-ant. We test $\OML/
cmm/m/it/12 f[] \OMS/cmsy/m/n/12 2 f\OT1/cmr/m/n/12 0\OML/cmm/m/it/12 ; \OT1/cm
r/m/n/12 0\OML/cmm/m/it/12 :\OT1/cmr/m/n/12 05\OML/cmm/m/it/12 ; \OT1/cmr/m/n/1
2 0\OML/cmm/m/it/12 :\OT1/cmr/m/n/12 10\OML/cmm/m/it/12 ; \OT1/cmr/m/n/12 0\OML
/cmm/m/it/12 :\OT1/cmr/m/n/12 15\OML/cmm/m/it/12 ; \OT1/cmr/m/n/12 0\OML/cmm/m/
it/12 :\OT1/cmr/m/n/12 20\OMS/cmsy/m/n/12 g$
 []



[11]
Overfull \hbox (20.82106pt too wide) in paragraph at lines 233--262
 [][] 
 []


Overfull \hbox (8.93713pt too wide) in paragraph at lines 269--270
\T1/cmr/m/n/12 deriva-tions, cross-checks, and em-pir-i-cal analo-gies are pro-
vided in Ap-pendix []Ap-
 []



[12]

[13]
Overfull \hbox (49.16306pt too wide) in paragraph at lines 271--272
\T1/cmr/m/n/12 cov-ers the com-plete vertically-integrated in-fras-truc-ture ch
ain, sam-pled $\OML/cmm/m/it/12 U\OT1/cmr/m/n/12 [$30[]\OML/cmm/m/it/12 ; \OT1/
cmr/m/n/12 $100[]]$\T1/cmr/m/n/12 ;
 []


Overfull \hbox (14.42392pt too wide) in paragraph at lines 271--272
\T1/cmr/m/n/12 vid-ual lu-nar pro-cess-ing fa-cil-i-ties [[], []]. \T1/cmr/m/it
/12 Pro-duc-tion rate $[] \OT1/cmr/m/n/12 = 500$ \T1/cmr/m/it/12 units/year\T1/
cmr/m/n/12 ,
 []


Overfull \hbox (7.65579pt too wide) in paragraph at lines 271--272
\T1/cmr/m/n/12 within pro-posed ISRU fa-cil-ity scales [[]]. \T1/cmr/m/it/12 Le
arn-ing rates\T1/cmr/m/n/12 : $[][] \OMS/cmsy/m/n/12 ^^X N\OT1/cmr/m/n/12 (0\OM
L/cmm/m/it/12 :\OT1/cmr/m/n/12 85\OML/cmm/m/it/12 ; \OT1/cmr/m/n/12 0\OML/cmm/m
/it/12 :\OT1/cmr/m/n/12 03)$
 []



[14{/usr/local/texlive/2025/texmf-dist/fonts/enc/dvips/cm-super/cm-super-ts1.en
c}]
<figures/fig-cumulative-cost.pdf, id=393, 395.21872pt x 260.29181pt>
File: figures/fig-cumulative-cost.pdf Graphic file (type pdf)
<use figures/fig-cumulative-cost.pdf>
Package pdftex.def Info: figures/fig-cumulative-cost.pdf  used on input line 31
4.
(pdftex.def)             Requested size: 390.0pt x 256.8715pt.
<figures/fig-npv-comparison.pdf, id=397, 852.54509pt x 310.61609pt>
File: figures/fig-npv-comparison.pdf Graphic file (type pdf)
<use figures/fig-npv-comparison.pdf>
Package pdftex.def Info: figures/fig-npv-comparison.pdf  used on input line 323
.
(pdftex.def)             Requested size: 390.0pt x 142.09361pt.


[15]

[16 <./figures/fig-cumulative-cost.pdf> <./figures/fig-npv-comparison.pdf>]
<figures/fig-unit-cost.pdf, id=535, 389.46284pt x 260.29181pt>
File: figures/fig-unit-cost.pdf Graphic file (type pdf)
<use figures/fig-unit-cost.pdf>
Package pdftex.def Info: figures/fig-unit-cost.pdf  used on input line 352.
(pdftex.def)             Requested size: 390.0pt x 260.6645pt.
<figures/fig-tornado.pdf, id=537, 471.71294pt x 288.2726pt>
File: figures/fig-tornado.pdf Graphic file (type pdf)
<use figures/fig-tornado.pdf>
Package pdftex.def Info: figures/fig-tornado.pdf  used on input line 364.
(pdftex.def)             Requested size: 390.0pt x 238.34686pt.


[17]

[18 <./figures/fig-unit-cost.pdf>]

[19 <./figures/fig-tornado.pdf>]
<figures/fig-heatmap.pdf, id=672, 393.49435pt x 263.88336pt>
File: figures/fig-heatmap.pdf Graphic file (type pdf)
<use figures/fig-heatmap.pdf>
Package pdftex.def Info: figures/fig-heatmap.pdf  used on input line 377.
(pdftex.def)             Requested size: 390.0pt x 261.55536pt.


[20 <./figures/fig-heatmap.pdf>]

[21]
Overfull \hbox (7.37381pt too wide) in paragraph at lines 407--408
 []\T1/cmr/m/it/12 Quality as-sur-ance and cer-ti-fi-ca-tion costs..[] \T1/cmr/
m/n/12 ISRU-manufactured struc-tural com-
 []



[22]
Overfull \hbox (0.46141pt too wide) in paragraph at lines 413--414
\T1/cmr/m/n/12 may tran-si-tion to commodity-like pro-duc-tion with material-do
minated costs),
 []



[23]

[24]
<figures/fig-histogram.pdf, id=764, 994.8628pt x 310.61195pt>
File: figures/fig-histogram.pdf Graphic file (type pdf)
<use figures/fig-histogram.pdf>
Package pdftex.def Info: figures/fig-histogram.pdf  used on input line 470.
(pdftex.def)             Requested size: 390.0pt x 121.7638pt.
<figures/fig-production-schedule.pdf, id=765, 852.42403pt x 310.46553pt>
File: figures/fig-production-schedule.pdf Graphic file (type pdf)
<use figures/fig-production-schedule.pdf>
Package pdftex.def Info: figures/fig-production-schedule.pdf  used on input lin
e 477.
(pdftex.def)             Requested size: 390.0pt x 142.04369pt.

Underfull \hbox (badness 10000) in paragraph at lines 491--492
[]|\T1/cmr/m/n/12 Slower Earth
 []


Underfull \hbox (badness 1939) in paragraph at lines 491--492
\T1/cmr/m/n/12 learn-ing $\OMS/cmsy/m/n/12 !$ \T1/cmr/m/n/12 ear-
 []


Underfull \hbox (badness 7777) in paragraph at lines 494--495
[]|\T1/cmr/m/n/12 Higher rate $\OMS/cmsy/m/n/12 !$
 []


Underfull \hbox (badness 10000) in paragraph at lines 497--498
[]|\T1/cmr/m/n/12 Slower ISRU
 []


Underfull \hbox (badness 1728) in paragraph at lines 498--499
[]|\T1/cmr/m/n/12 Higher floor de-
 []


Underfull \hbox (badness 10000) in paragraph at lines 499--500
[]|\T1/cmr/m/n/12 Later ramp-up
 []



[25 <./figures/fig-histogram.pdf>]

[26]
Overfull \hbox (13.3723pt too wide) in paragraph at lines 510--511
 []\T1/cmr/m/it/12 Distribution sen-si-tiv-ity..[] \T1/cmr/m/n/12 Re-plac-ing u
ni-form dis-tri-bu-tions with tri-an-gu-lar (mode
 []



[27 <./figures/fig-production-schedule.pdf>]

[28]

[29]

[30]

[31]

[32]
Overfull \hbox (20.87837pt too wide) in paragraph at lines 645--646
\T1/cmr/m/n/12 10 GW scale ($\OMS/cmsy/m/n/12 ^^X$\T1/cmr/m/n/12 27,000 units) 
are well past crossover; pro-grams be-low $\OMS/cmsy/m/n/12 ^^X$\T1/cmr/m/n/12 
2,700 units
 []



[33]

[34]

[35]

[36]
Overfull \hbox (83.96202pt too wide) in paragraph at lines 707--708
[]\T1/cmr/m/n/12 The Python sim-u-la-tion code (\T1/cmtt/m/n/12 isru_model.py\T
1/cmr/m/n/12 , \T1/cmtt/m/n/12 isru_mc.py\T1/cmr/m/n/12 , \T1/cmtt/m/n/12 gener
ate_isru_figures.py\T1/cmr/m/n/12 )
 []


Overfull \hbox (10.9508pt too wide) in paragraph at lines 707--708
\T1/cmr/m/n/12 and as-so-ci-ated test suite are avail-able at []$\T1/cmtt/m/n/1
2 https : / / github . com / project-[]dyson$[]
 []



[37]

[38]

[39]

[40]
<figures/fig-convergence-curve.pdf, id=1013, 399.46114pt x 265.09099pt>
File: figures/fig-convergence-curve.pdf Graphic file (type pdf)
<use figures/fig-convergence-curve.pdf>
Package pdftex.def Info: figures/fig-convergence-curve.pdf  used on input line 
747.
(pdftex.def)             Requested size: 390.0pt x 258.82469pt.


[41 <./figures/fig-convergence-curve.pdf>]
Overfull \hbox (22.28166pt too wide) in paragraph at lines 755--756
\T1/cmr/m/n/12 18,500 launches over 37 years. To-tal global launch mass in 2023
 was $\OMS/cmsy/m/n/12 ^^X$\T1/cmr/m/n/12 1,200 tonnes
 []



[42]

[43]

[44]
Underfull \hbox (badness 1348) in paragraph at lines 890--893
[]\T1/cmr/m/n/12 Lunar Sur-face In-no-va-tion Con-sor-tium,  Lu-nar ISRU Tech-n
ol-ogy
 []



[45]
Underfull \hbox (badness 1048) in paragraph at lines 965--968
[]\T1/cmr/m/n/12 E. Za-p-ata,  An as-sess-ment of cost im-prove-ments in the NA
SA
 []



[46] (./01-isru-economic-crossover-x.aux)
 ***********
LaTeX2e <2024-11-01> patch level 2
L3 programming layer <2025-01-18>
 ***********
Package rerunfilecheck Info: File `01-isru-economic-crossover-x.out' has not ch
anged.
(rerunfilecheck)             Checksum: 16DC5290FCD3DDAA04AE0335455450B1;5695.
 ) 
Here is how much of TeX's memory you used:
 15957 strings out of 473190
 304856 string characters out of 5715801
 679126 words of memory out of 5000000
 38836 multiletter control sequences out of 15000+600000
 577412 words of font info for 84 fonts, out of 8000000 for 9000
 1141 hyphenation exceptions out of 8191
 75i,12n,79p,3195b,1259s stack positions out of 10000i,1000n,20000p,200000b,200000s
</usr/local/texlive/2025/texmf-dist/fonts/type1/public/amsfonts/cm/cmex10.pfb
></usr/local/texlive/2025/texmf-dist/fonts/type1/public/amsfonts/cm/cmmi10.pfb>
</usr/local/texlive/2025/texmf-dist/fonts/type1/public/amsfonts/cm/cmmi12.pfb><
/usr/local/texlive/2025/texmf-dist/fonts/type1/public/amsfonts/cm/cmmi6.pfb></u
sr/local/texlive/2025/texmf-dist/fonts/type1/public/amsfonts/cm/cmmi7.pfb></usr
/local/texlive/2025/texmf-dist/fonts/type1/public/amsfonts/cm/cmmi8.pfb></usr/l
ocal/texlive/2025/texmf-dist/fonts/type1/public/amsfonts/cm/cmr10.pfb></usr/loc
al/texlive/2025/texmf-dist/fonts/type1/public/amsfonts/cm/cmr12.pfb></usr/local
/texlive/2025/texmf-dist/fonts/type1/public/amsfonts/cm/cmr6.pfb></usr/local/te
xlive/2025/texmf-dist/fonts/type1/public/amsfonts/cm/cmr7.pfb></usr/local/texli
ve/2025/texmf-dist/fonts/type1/public/amsfonts/cm/cmr8.pfb></usr/local/texlive/
2025/texmf-dist/fonts/type1/public/amsfonts/cm/cmsy10.pfb></usr/local/texlive/2
025/texmf-dist/fonts/type1/public/amsfonts/cm/cmsy7.pfb></usr/local/texlive/202
5/texmf-dist/fonts/type1/public/amsfonts/cm/cmsy8.pfb></usr/local/texlive/2025/
texmf-dist/fonts/type1/public/amsfonts/symbols/msam10.pfb></usr/local/texlive/2
025/texmf-dist/fonts/type1/public/cm-super/sfbx1200.pfb></usr/local/texlive/202
5/texmf-dist/fonts/type1/public/cm-super/sfrm0700.pfb></usr/local/texlive/2025/
texmf-dist/fonts/type1/public/cm-super/sfrm0800.pfb></usr/local/texlive/2025/te
xmf-dist/fonts/type1/public/cm-super/sfrm1000.pfb></usr/local/texlive/2025/texm
f-dist/fonts/type1/public/cm-super/sfrm1095.pfb></usr/local/texlive/2025/texmf-
dist/fonts/type1/public/cm-super/sfrm1200.pfb></usr/local/texlive/2025/texmf-di
st/fonts/type1/public/cm-super/sfrm1728.pfb></usr/local/texlive/2025/texmf-dist
/fonts/type1/public/cm-super/sfss0800.pfb></usr/local/texlive/2025/texmf-dist/f
onts/type1/public/cm-super/sfti0700.pfb></usr/local/texlive/2025/texmf-dist/fon
ts/type1/public/cm-super/sfti1000.pfb></usr/local/texlive/2025/texmf-dist/fonts
/type1/public/cm-super/sfti1200.pfb></usr/local/texlive/2025/texmf-dist/fonts/t
ype1/public/cm-super/sftt1000.pfb></usr/local/texlive/2025/texmf-dist/fonts/typ
e1/public/cm-super/sftt1200.pfb>
Output written on 01-isru-economic-crossover-x.pdf (46 pages, 776274 bytes).
PDF statistics:
 1267 PDF objects out of 1440 (max. 8388607)
 782 compressed objects within 8 object streams
 200 named destinations out of 1000 (max. 500000)
 297 words of extra memory for PDF output out of 10000 (max. 10000000)

